"2017-10-27 16:02:42 [main] INFO  i.f.c.b.BibliotecaApplicationTests - Starting BibliotecaApplicationTests on miglioli-K56CB with PID 22840 (started by pier in /home/pier/Scrivania/SOFTWARE/biblioteca)
""2017-10-27 16:02:42 [main] DEBUG i.f.c.b.BibliotecaApplicationTests - Running with Spring Boot v1.5.7.RELEASE, Spring v4.3.11.RELEASE
""2017-10-27 16:02:42 [main] INFO  i.f.c.b.BibliotecaApplicationTests - No active profile set, falling back to default profiles: default
""2017-10-27 16:02:45 [main] INFO  i.f.c.b.BibliotecaApplicationTests - Started BibliotecaApplicationTests in 3.357 seconds (JVM running for 4.266)
""2017-10-27 16:02:47 [restartedMain] INFO  i.f.c.b.BibliotecaApplication - Starting BibliotecaApplication on miglioli-K56CB with PID 22863 (/home/pier/Scrivania/SOFTWARE/biblioteca/target/classes started by pier in /home/pier/Scrivania/SOFTWARE/biblioteca)
""2017-10-27 16:02:47 [restartedMain] DEBUG i.f.c.b.BibliotecaApplication - Running with Spring Boot v1.5.7.RELEASE, Spring v4.3.11.RELEASE
""2017-10-27 16:02:47 [restartedMain] INFO  i.f.c.b.BibliotecaApplication - No active profile set, falling back to default profiles: default
""2017-10-27 16:02:51 [restartedMain] INFO  i.f.c.b.BibliotecaApplication - Started BibliotecaApplication in 4.142 seconds (JVM running for 4.68)
""2017-10-27 16:08:26 [restartedMain] INFO  i.f.c.b.BibliotecaApplication - Starting BibliotecaApplication on miglioli-K56CB with PID 22863 (/home/pier/Scrivania/SOFTWARE/biblioteca/target/classes started by pier in /home/pier/Scrivania/SOFTWARE/biblioteca)
""2017-10-27 16:08:26 [restartedMain] DEBUG i.f.c.b.BibliotecaApplication - Running with Spring Boot v1.5.7.RELEASE, Spring v4.3.11.RELEASE
""2017-10-27 16:08:26 [restartedMain] INFO  i.f.c.b.BibliotecaApplication - No active profile set, falling back to default profiles: default
""2017-10-27 16:08:27 [restartedMain] INFO  i.f.c.b.BibliotecaApplication - Started BibliotecaApplication in 1.01 seconds (JVM running for 340.266)
""2017-10-27 16:09:03 [restartedMain] INFO  i.f.c.b.BibliotecaApplication - Starting BibliotecaApplication on miglioli-K56CB with PID 22863 (/home/pier/Scrivania/SOFTWARE/biblioteca/target/classes started by pier in /home/pier/Scrivania/SOFTWARE/biblioteca)
""2017-10-27 16:09:03 [restartedMain] DEBUG i.f.c.b.BibliotecaApplication - Running with Spring Boot v1.5.7.RELEASE, Spring v4.3.11.RELEASE
""2017-10-27 16:09:03 [restartedMain] INFO  i.f.c.b.BibliotecaApplication - No active profile set, falling back to default profiles: default
""2017-10-27 16:09:04 [restartedMain] INFO  i.f.c.b.BibliotecaApplication - Started BibliotecaApplication in 0.909 seconds (JVM running for 377.816)
""2017-10-27 16:11:56 [restartedMain] INFO  i.f.c.b.BibliotecaApplication - Starting BibliotecaApplication on miglioli-K56CB with PID 22863 (/home/pier/Scrivania/SOFTWARE/biblioteca/target/classes started by pier in /home/pier/Scrivania/SOFTWARE/biblioteca)
""2017-10-27 16:11:56 [restartedMain] DEBUG i.f.c.b.BibliotecaApplication - Running with Spring Boot v1.5.7.RELEASE, Spring v4.3.11.RELEASE
""2017-10-27 16:11:56 [restartedMain] INFO  i.f.c.b.BibliotecaApplication - No active profile set, falling back to default profiles: default
""2017-10-27 16:11:57 [restartedMain] INFO  i.f.c.b.BibliotecaApplication - Started BibliotecaApplication in 0.766 seconds (JVM running for 550.191)
""2017-10-27 16:24:08 [restartedMain] INFO  i.f.c.b.BibliotecaApplication - Starting BibliotecaApplication on miglioli-K56CB with PID 22863 (/home/pier/Scrivania/SOFTWARE/biblioteca/target/classes started by pier in /home/pier/Scrivania/SOFTWARE/biblioteca)
""2017-10-27 16:24:08 [restartedMain] DEBUG i.f.c.b.BibliotecaApplication - Running with Spring Boot v1.5.7.RELEASE, Spring v4.3.11.RELEASE
""2017-10-27 16:24:08 [restartedMain] INFO  i.f.c.b.BibliotecaApplication - No active profile set, falling back to default profiles: default
""2017-10-27 16:24:09 [restartedMain] WARN  o.s.b.c.e.AnnotationConfigEmbeddedWebApplicationContext - Exception encountered during context initialization - cancelling refresh attempt: org.springframework.beans.factory.BeanCreationException: Error creating bean with name 'mainController' defined in file [/home/pier/Scrivania/SOFTWARE/biblioteca/target/classes/it/f2informatica/couchbase/biblioteca/controller/MainController.class]: Instantiation of bean failed; nested exception is org.springframework.beans.BeanInstantiationException: Failed to instantiate [it.f2informatica.couchbase.biblioteca.controller.MainController]: Constructor threw exception; nested exception is java.lang.Error: Unresolved compilation problems: 
	LibriService cannot be resolved
	Syntax error, insert "Finally" to complete BlockStatements
	Syntax error, insert "}" to complete ClassBody

""2017-10-27 16:24:09 [restartedMain] ERROR o.s.boot.SpringApplication - Application startup failed
"org.springframework.beans.factory.BeanCreationException: Error creating bean with name 'mainController' defined in file [/home/pier/Scrivania/SOFTWARE/biblioteca/target/classes/it/f2informatica/couchbase/biblioteca/controller/MainController.class]: Instantiation of bean failed; nested exception is org.springframework.beans.BeanInstantiationException: Failed to instantiate [it.f2informatica.couchbase.biblioteca.controller.MainController]: Constructor threw exception; nested exception is java.lang.Error: Unresolved compilation problems: 
	LibriService cannot be resolved
	Syntax error, insert "Finally" to complete BlockStatements
	Syntax error, insert "}" to complete ClassBody

	at org.springframework.beans.factory.support.AbstractAutowireCapableBeanFactory.instantiateBean(AbstractAutowireCapableBeanFactory.java:1155) ~[spring-beans-4.3.11.RELEASE.jar:4.3.11.RELEASE]
	at org.springframework.beans.factory.support.AbstractAutowireCapableBeanFactory.createBeanInstance(AbstractAutowireCapableBeanFactory.java:1099) ~[spring-beans-4.3.11.RELEASE.jar:4.3.11.RELEASE]
	at org.springframework.beans.factory.support.AbstractAutowireCapableBeanFactory.doCreateBean(AbstractAutowireCapableBeanFactory.java:513) ~[spring-beans-4.3.11.RELEASE.jar:4.3.11.RELEASE]
	at org.springframework.beans.factory.support.AbstractAutowireCapableBeanFactory.createBean(AbstractAutowireCapableBeanFactory.java:483) ~[spring-beans-4.3.11.RELEASE.jar:4.3.11.RELEASE]
	at org.springframework.beans.factory.support.AbstractBeanFactory$1.getObject(AbstractBeanFactory.java:306) ~[spring-beans-4.3.11.RELEASE.jar:4.3.11.RELEASE]
	at org.springframework.beans.factory.support.DefaultSingletonBeanRegistry.getSingleton(DefaultSingletonBeanRegistry.java:230) ~[spring-beans-4.3.11.RELEASE.jar:4.3.11.RELEASE]
	at org.springframework.beans.factory.support.AbstractBeanFactory.doGetBean(AbstractBeanFactory.java:302) ~[spring-beans-4.3.11.RELEASE.jar:4.3.11.RELEASE]
	at org.springframework.beans.factory.support.AbstractBeanFactory.getBean(AbstractBeanFactory.java:197) ~[spring-beans-4.3.11.RELEASE.jar:4.3.11.RELEASE]
	at org.springframework.beans.factory.support.DefaultListableBeanFactory.preInstantiateSingletons(DefaultListableBeanFactory.java:761) ~[spring-beans-4.3.11.RELEASE.jar:4.3.11.RELEASE]
	at org.springframework.context.support.AbstractApplicationContext.finishBeanFactoryInitialization(AbstractApplicationContext.java:867) ~[spring-context-4.3.11.RELEASE.jar:4.3.11.RELEASE]
	at org.springframework.context.support.AbstractApplicationContext.refresh(AbstractApplicationContext.java:543) ~[spring-context-4.3.11.RELEASE.jar:4.3.11.RELEASE]
	at org.springframework.boot.context.embedded.EmbeddedWebApplicationContext.refresh(EmbeddedWebApplicationContext.java:122) ~[spring-boot-1.5.7.RELEASE.jar:1.5.7.RELEASE]
	at org.springframework.boot.SpringApplication.refresh(SpringApplication.java:693) [spring-boot-1.5.7.RELEASE.jar:1.5.7.RELEASE]
	at org.springframework.boot.SpringApplication.refreshContext(SpringApplication.java:360) [spring-boot-1.5.7.RELEASE.jar:1.5.7.RELEASE]
	at org.springframework.boot.SpringApplication.run(SpringApplication.java:303) [spring-boot-1.5.7.RELEASE.jar:1.5.7.RELEASE]
	at org.springframework.boot.SpringApplication.run(SpringApplication.java:1118) [spring-boot-1.5.7.RELEASE.jar:1.5.7.RELEASE]
	at org.springframework.boot.SpringApplication.run(SpringApplication.java:1107) [spring-boot-1.5.7.RELEASE.jar:1.5.7.RELEASE]
	at it.f2informatica.couchbase.biblioteca.BibliotecaApplication.main(BibliotecaApplication.java:10) [classes/:na]
	at sun.reflect.NativeMethodAccessorImpl.invoke0(Native Method) ~[na:1.8.0_131]
	at sun.reflect.NativeMethodAccessorImpl.invoke(NativeMethodAccessorImpl.java:62) ~[na:1.8.0_131]
	at sun.reflect.DelegatingMethodAccessorImpl.invoke(DelegatingMethodAccessorImpl.java:43) ~[na:1.8.0_131]
	at java.lang.reflect.Method.invoke(Method.java:498) ~[na:1.8.0_131]
	at org.springframework.boot.devtools.restart.RestartLauncher.run(RestartLauncher.java:49) [spring-boot-devtools-1.5.7.RELEASE.jar:1.5.7.RELEASE]
Caused by: org.springframework.beans.BeanInstantiationException: Failed to instantiate [it.f2informatica.couchbase.biblioteca.controller.MainController]: Constructor threw exception; nested exception is java.lang.Error: Unresolved compilation problems: 
	LibriService cannot be resolved
	Syntax error, insert "Finally" to complete BlockStatements
	Syntax error, insert "}" to complete ClassBody

	at org.springframework.beans.BeanUtils.instantiateClass(BeanUtils.java:154) ~[spring-beans-4.3.11.RELEASE.jar:4.3.11.RELEASE]
	at org.springframework.beans.factory.support.SimpleInstantiationStrategy.instantiate(SimpleInstantiationStrategy.java:89) ~[spring-beans-4.3.11.RELEASE.jar:4.3.11.RELEASE]
	at org.springframework.beans.factory.support.AbstractAutowireCapableBeanFactory.instantiateBean(AbstractAutowireCapableBeanFactory.java:1147) ~[spring-beans-4.3.11.RELEASE.jar:4.3.11.RELEASE]
	... 22 common frames omitted
Caused by: java.lang.Error: Unresolved compilation problems: 
	LibriService cannot be resolved
	Syntax error, insert "Finally" to complete BlockStatements
	Syntax error, insert "}" to complete ClassBody

	at it.f2informatica.couchbase.biblioteca.controller.MainController.<init>(MainController.java:34) ~[classes/:na]
	at sun.reflect.NativeConstructorAccessorImpl.newInstance0(Native Method) ~[na:1.8.0_131]
	at sun.reflect.NativeConstructorAccessorImpl.newInstance(NativeConstructorAccessorImpl.java:62) ~[na:1.8.0_131]
	at sun.reflect.DelegatingConstructorAccessorImpl.newInstance(DelegatingConstructorAccessorImpl.java:45) ~[na:1.8.0_131]
	at java.lang.reflect.Constructor.newInstance(Constructor.java:423) ~[na:1.8.0_131]
	at org.springframework.beans.BeanUtils.instantiateClass(BeanUtils.java:142) ~[spring-beans-4.3.11.RELEASE.jar:4.3.11.RELEASE]
	... 24 common frames omitted
"2017-10-27 16:24:54 [restartedMain] INFO  i.f.c.b.BibliotecaApplication - Starting BibliotecaApplication on miglioli-K56CB with PID 22863 (/home/pier/Scrivania/SOFTWARE/biblioteca/target/classes started by pier in /home/pier/Scrivania/SOFTWARE/biblioteca)
""2017-10-27 16:24:54 [restartedMain] DEBUG i.f.c.b.BibliotecaApplication - Running with Spring Boot v1.5.7.RELEASE, Spring v4.3.11.RELEASE
""2017-10-27 16:24:54 [restartedMain] INFO  i.f.c.b.BibliotecaApplication - No active profile set, falling back to default profiles: default
""2017-10-27 16:24:55 [restartedMain] WARN  o.s.b.c.e.AnnotationConfigEmbeddedWebApplicationContext - Exception encountered during context initialization - cancelling refresh attempt: org.springframework.beans.factory.BeanCreationException: Error creating bean with name 'mainController' defined in file [/home/pier/Scrivania/SOFTWARE/biblioteca/target/classes/it/f2informatica/couchbase/biblioteca/controller/MainController.class]: Instantiation of bean failed; nested exception is org.springframework.beans.BeanInstantiationException: Failed to instantiate [it.f2informatica.couchbase.biblioteca.controller.MainController]: Constructor threw exception; nested exception is java.lang.Error: Unresolved compilation problems: 
	LibriService cannot be resolved
	Syntax error, insert "Finally" to complete BlockStatements
	Syntax error, insert "}" to complete ClassBody

""2017-10-27 16:24:55 [restartedMain] ERROR o.s.boot.SpringApplication - Application startup failed
"org.springframework.beans.factory.BeanCreationException: Error creating bean with name 'mainController' defined in file [/home/pier/Scrivania/SOFTWARE/biblioteca/target/classes/it/f2informatica/couchbase/biblioteca/controller/MainController.class]: Instantiation of bean failed; nested exception is org.springframework.beans.BeanInstantiationException: Failed to instantiate [it.f2informatica.couchbase.biblioteca.controller.MainController]: Constructor threw exception; nested exception is java.lang.Error: Unresolved compilation problems: 
	LibriService cannot be resolved
	Syntax error, insert "Finally" to complete BlockStatements
	Syntax error, insert "}" to complete ClassBody

	at org.springframework.beans.factory.support.AbstractAutowireCapableBeanFactory.instantiateBean(AbstractAutowireCapableBeanFactory.java:1155) ~[spring-beans-4.3.11.RELEASE.jar:4.3.11.RELEASE]
	at org.springframework.beans.factory.support.AbstractAutowireCapableBeanFactory.createBeanInstance(AbstractAutowireCapableBeanFactory.java:1099) ~[spring-beans-4.3.11.RELEASE.jar:4.3.11.RELEASE]
	at org.springframework.beans.factory.support.AbstractAutowireCapableBeanFactory.doCreateBean(AbstractAutowireCapableBeanFactory.java:513) ~[spring-beans-4.3.11.RELEASE.jar:4.3.11.RELEASE]
	at org.springframework.beans.factory.support.AbstractAutowireCapableBeanFactory.createBean(AbstractAutowireCapableBeanFactory.java:483) ~[spring-beans-4.3.11.RELEASE.jar:4.3.11.RELEASE]
	at org.springframework.beans.factory.support.AbstractBeanFactory$1.getObject(AbstractBeanFactory.java:306) ~[spring-beans-4.3.11.RELEASE.jar:4.3.11.RELEASE]
	at org.springframework.beans.factory.support.DefaultSingletonBeanRegistry.getSingleton(DefaultSingletonBeanRegistry.java:230) ~[spring-beans-4.3.11.RELEASE.jar:4.3.11.RELEASE]
	at org.springframework.beans.factory.support.AbstractBeanFactory.doGetBean(AbstractBeanFactory.java:302) ~[spring-beans-4.3.11.RELEASE.jar:4.3.11.RELEASE]
	at org.springframework.beans.factory.support.AbstractBeanFactory.getBean(AbstractBeanFactory.java:197) ~[spring-beans-4.3.11.RELEASE.jar:4.3.11.RELEASE]
	at org.springframework.beans.factory.support.DefaultListableBeanFactory.preInstantiateSingletons(DefaultListableBeanFactory.java:761) ~[spring-beans-4.3.11.RELEASE.jar:4.3.11.RELEASE]
	at org.springframework.context.support.AbstractApplicationContext.finishBeanFactoryInitialization(AbstractApplicationContext.java:867) ~[spring-context-4.3.11.RELEASE.jar:4.3.11.RELEASE]
	at org.springframework.context.support.AbstractApplicationContext.refresh(AbstractApplicationContext.java:543) ~[spring-context-4.3.11.RELEASE.jar:4.3.11.RELEASE]
	at org.springframework.boot.context.embedded.EmbeddedWebApplicationContext.refresh(EmbeddedWebApplicationContext.java:122) ~[spring-boot-1.5.7.RELEASE.jar:1.5.7.RELEASE]
	at org.springframework.boot.SpringApplication.refresh(SpringApplication.java:693) [spring-boot-1.5.7.RELEASE.jar:1.5.7.RELEASE]
	at org.springframework.boot.SpringApplication.refreshContext(SpringApplication.java:360) [spring-boot-1.5.7.RELEASE.jar:1.5.7.RELEASE]
	at org.springframework.boot.SpringApplication.run(SpringApplication.java:303) [spring-boot-1.5.7.RELEASE.jar:1.5.7.RELEASE]
	at org.springframework.boot.SpringApplication.run(SpringApplication.java:1118) [spring-boot-1.5.7.RELEASE.jar:1.5.7.RELEASE]
	at org.springframework.boot.SpringApplication.run(SpringApplication.java:1107) [spring-boot-1.5.7.RELEASE.jar:1.5.7.RELEASE]
	at it.f2informatica.couchbase.biblioteca.BibliotecaApplication.main(BibliotecaApplication.java:10) [classes/:na]
	at sun.reflect.NativeMethodAccessorImpl.invoke0(Native Method) ~[na:1.8.0_131]
	at sun.reflect.NativeMethodAccessorImpl.invoke(NativeMethodAccessorImpl.java:62) ~[na:1.8.0_131]
	at sun.reflect.DelegatingMethodAccessorImpl.invoke(DelegatingMethodAccessorImpl.java:43) ~[na:1.8.0_131]
	at java.lang.reflect.Method.invoke(Method.java:498) ~[na:1.8.0_131]
	at org.springframework.boot.devtools.restart.RestartLauncher.run(RestartLauncher.java:49) [spring-boot-devtools-1.5.7.RELEASE.jar:1.5.7.RELEASE]
Caused by: org.springframework.beans.BeanInstantiationException: Failed to instantiate [it.f2informatica.couchbase.biblioteca.controller.MainController]: Constructor threw exception; nested exception is java.lang.Error: Unresolved compilation problems: 
	LibriService cannot be resolved
	Syntax error, insert "Finally" to complete BlockStatements
	Syntax error, insert "}" to complete ClassBody

	at org.springframework.beans.BeanUtils.instantiateClass(BeanUtils.java:154) ~[spring-beans-4.3.11.RELEASE.jar:4.3.11.RELEASE]
	at org.springframework.beans.factory.support.SimpleInstantiationStrategy.instantiate(SimpleInstantiationStrategy.java:89) ~[spring-beans-4.3.11.RELEASE.jar:4.3.11.RELEASE]
	at org.springframework.beans.factory.support.AbstractAutowireCapableBeanFactory.instantiateBean(AbstractAutowireCapableBeanFactory.java:1147) ~[spring-beans-4.3.11.RELEASE.jar:4.3.11.RELEASE]
	... 22 common frames omitted
Caused by: java.lang.Error: Unresolved compilation problems: 
	LibriService cannot be resolved
	Syntax error, insert "Finally" to complete BlockStatements
	Syntax error, insert "}" to complete ClassBody

	at it.f2informatica.couchbase.biblioteca.controller.MainController.<init>(MainController.java:34) ~[classes/:na]
	at sun.reflect.NativeConstructorAccessorImpl.newInstance0(Native Method) ~[na:1.8.0_131]
	at sun.reflect.NativeConstructorAccessorImpl.newInstance(NativeConstructorAccessorImpl.java:62) ~[na:1.8.0_131]
	at sun.reflect.DelegatingConstructorAccessorImpl.newInstance(DelegatingConstructorAccessorImpl.java:45) ~[na:1.8.0_131]
	at java.lang.reflect.Constructor.newInstance(Constructor.java:423) ~[na:1.8.0_131]
	at org.springframework.beans.BeanUtils.instantiateClass(BeanUtils.java:142) ~[spring-beans-4.3.11.RELEASE.jar:4.3.11.RELEASE]
	... 24 common frames omitted
"2017-10-27 16:27:48 [restartedMain] INFO  i.f.c.b.BibliotecaApplication - Starting BibliotecaApplication on miglioli-K56CB with PID 22863 (/home/pier/Scrivania/SOFTWARE/biblioteca/target/classes started by pier in /home/pier/Scrivania/SOFTWARE/biblioteca)
""2017-10-27 16:27:48 [restartedMain] DEBUG i.f.c.b.BibliotecaApplication - Running with Spring Boot v1.5.7.RELEASE, Spring v4.3.11.RELEASE
""2017-10-27 16:27:48 [restartedMain] INFO  i.f.c.b.BibliotecaApplication - No active profile set, falling back to default profiles: default
""2017-10-27 16:27:48 [restartedMain] WARN  o.s.b.c.e.AnnotationConfigEmbeddedWebApplicationContext - Exception encountered during context initialization - cancelling refresh attempt: org.springframework.beans.factory.BeanCreationException: Error creating bean with name 'mainController' defined in file [/home/pier/Scrivania/SOFTWARE/biblioteca/target/classes/it/f2informatica/couchbase/biblioteca/controller/MainController.class]: Instantiation of bean failed; nested exception is org.springframework.beans.BeanInstantiationException: Failed to instantiate [it.f2informatica.couchbase.biblioteca.controller.MainController]: Constructor threw exception; nested exception is java.lang.Error: Unresolved compilation problems: 
	LibriService cannot be resolved
	Syntax error, insert "Finally" to complete BlockStatements
	Syntax error, insert "}" to complete ClassBody

""2017-10-27 16:27:48 [restartedMain] ERROR o.s.boot.SpringApplication - Application startup failed
"org.springframework.beans.factory.BeanCreationException: Error creating bean with name 'mainController' defined in file [/home/pier/Scrivania/SOFTWARE/biblioteca/target/classes/it/f2informatica/couchbase/biblioteca/controller/MainController.class]: Instantiation of bean failed; nested exception is org.springframework.beans.BeanInstantiationException: Failed to instantiate [it.f2informatica.couchbase.biblioteca.controller.MainController]: Constructor threw exception; nested exception is java.lang.Error: Unresolved compilation problems: 
	LibriService cannot be resolved
	Syntax error, insert "Finally" to complete BlockStatements
	Syntax error, insert "}" to complete ClassBody

	at org.springframework.beans.factory.support.AbstractAutowireCapableBeanFactory.instantiateBean(AbstractAutowireCapableBeanFactory.java:1155) ~[spring-beans-4.3.11.RELEASE.jar:4.3.11.RELEASE]
	at org.springframework.beans.factory.support.AbstractAutowireCapableBeanFactory.createBeanInstance(AbstractAutowireCapableBeanFactory.java:1099) ~[spring-beans-4.3.11.RELEASE.jar:4.3.11.RELEASE]
	at org.springframework.beans.factory.support.AbstractAutowireCapableBeanFactory.doCreateBean(AbstractAutowireCapableBeanFactory.java:513) ~[spring-beans-4.3.11.RELEASE.jar:4.3.11.RELEASE]
	at org.springframework.beans.factory.support.AbstractAutowireCapableBeanFactory.createBean(AbstractAutowireCapableBeanFactory.java:483) ~[spring-beans-4.3.11.RELEASE.jar:4.3.11.RELEASE]
	at org.springframework.beans.factory.support.AbstractBeanFactory$1.getObject(AbstractBeanFactory.java:306) ~[spring-beans-4.3.11.RELEASE.jar:4.3.11.RELEASE]
	at org.springframework.beans.factory.support.DefaultSingletonBeanRegistry.getSingleton(DefaultSingletonBeanRegistry.java:230) ~[spring-beans-4.3.11.RELEASE.jar:4.3.11.RELEASE]
	at org.springframework.beans.factory.support.AbstractBeanFactory.doGetBean(AbstractBeanFactory.java:302) ~[spring-beans-4.3.11.RELEASE.jar:4.3.11.RELEASE]
	at org.springframework.beans.factory.support.AbstractBeanFactory.getBean(AbstractBeanFactory.java:197) ~[spring-beans-4.3.11.RELEASE.jar:4.3.11.RELEASE]
	at org.springframework.beans.factory.support.DefaultListableBeanFactory.preInstantiateSingletons(DefaultListableBeanFactory.java:761) ~[spring-beans-4.3.11.RELEASE.jar:4.3.11.RELEASE]
	at org.springframework.context.support.AbstractApplicationContext.finishBeanFactoryInitialization(AbstractApplicationContext.java:867) ~[spring-context-4.3.11.RELEASE.jar:4.3.11.RELEASE]
	at org.springframework.context.support.AbstractApplicationContext.refresh(AbstractApplicationContext.java:543) ~[spring-context-4.3.11.RELEASE.jar:4.3.11.RELEASE]
	at org.springframework.boot.context.embedded.EmbeddedWebApplicationContext.refresh(EmbeddedWebApplicationContext.java:122) ~[spring-boot-1.5.7.RELEASE.jar:1.5.7.RELEASE]
	at org.springframework.boot.SpringApplication.refresh(SpringApplication.java:693) [spring-boot-1.5.7.RELEASE.jar:1.5.7.RELEASE]
	at org.springframework.boot.SpringApplication.refreshContext(SpringApplication.java:360) [spring-boot-1.5.7.RELEASE.jar:1.5.7.RELEASE]
	at org.springframework.boot.SpringApplication.run(SpringApplication.java:303) [spring-boot-1.5.7.RELEASE.jar:1.5.7.RELEASE]
	at org.springframework.boot.SpringApplication.run(SpringApplication.java:1118) [spring-boot-1.5.7.RELEASE.jar:1.5.7.RELEASE]
	at org.springframework.boot.SpringApplication.run(SpringApplication.java:1107) [spring-boot-1.5.7.RELEASE.jar:1.5.7.RELEASE]
	at it.f2informatica.couchbase.biblioteca.BibliotecaApplication.main(BibliotecaApplication.java:10) [classes/:na]
	at sun.reflect.NativeMethodAccessorImpl.invoke0(Native Method) ~[na:1.8.0_131]
	at sun.reflect.NativeMethodAccessorImpl.invoke(NativeMethodAccessorImpl.java:62) ~[na:1.8.0_131]
	at sun.reflect.DelegatingMethodAccessorImpl.invoke(DelegatingMethodAccessorImpl.java:43) ~[na:1.8.0_131]
	at java.lang.reflect.Method.invoke(Method.java:498) ~[na:1.8.0_131]
	at org.springframework.boot.devtools.restart.RestartLauncher.run(RestartLauncher.java:49) [spring-boot-devtools-1.5.7.RELEASE.jar:1.5.7.RELEASE]
Caused by: org.springframework.beans.BeanInstantiationException: Failed to instantiate [it.f2informatica.couchbase.biblioteca.controller.MainController]: Constructor threw exception; nested exception is java.lang.Error: Unresolved compilation problems: 
	LibriService cannot be resolved
	Syntax error, insert "Finally" to complete BlockStatements
	Syntax error, insert "}" to complete ClassBody

	at org.springframework.beans.BeanUtils.instantiateClass(BeanUtils.java:154) ~[spring-beans-4.3.11.RELEASE.jar:4.3.11.RELEASE]
	at org.springframework.beans.factory.support.SimpleInstantiationStrategy.instantiate(SimpleInstantiationStrategy.java:89) ~[spring-beans-4.3.11.RELEASE.jar:4.3.11.RELEASE]
	at org.springframework.beans.factory.support.AbstractAutowireCapableBeanFactory.instantiateBean(AbstractAutowireCapableBeanFactory.java:1147) ~[spring-beans-4.3.11.RELEASE.jar:4.3.11.RELEASE]
	... 22 common frames omitted
Caused by: java.lang.Error: Unresolved compilation problems: 
	LibriService cannot be resolved
	Syntax error, insert "Finally" to complete BlockStatements
	Syntax error, insert "}" to complete ClassBody

	at it.f2informatica.couchbase.biblioteca.controller.MainController.<init>(MainController.java:34) ~[classes/:na]
	at sun.reflect.NativeConstructorAccessorImpl.newInstance0(Native Method) ~[na:1.8.0_131]
	at sun.reflect.NativeConstructorAccessorImpl.newInstance(NativeConstructorAccessorImpl.java:62) ~[na:1.8.0_131]
	at sun.reflect.DelegatingConstructorAccessorImpl.newInstance(DelegatingConstructorAccessorImpl.java:45) ~[na:1.8.0_131]
	at java.lang.reflect.Constructor.newInstance(Constructor.java:423) ~[na:1.8.0_131]
	at org.springframework.beans.BeanUtils.instantiateClass(BeanUtils.java:142) ~[spring-beans-4.3.11.RELEASE.jar:4.3.11.RELEASE]
	... 24 common frames omitted
"2017-10-27 16:28:08 [restartedMain] INFO  i.f.c.b.BibliotecaApplication - Starting BibliotecaApplication on miglioli-K56CB with PID 22863 (/home/pier/Scrivania/SOFTWARE/biblioteca/target/classes started by pier in /home/pier/Scrivania/SOFTWARE/biblioteca)
""2017-10-27 16:28:08 [restartedMain] DEBUG i.f.c.b.BibliotecaApplication - Running with Spring Boot v1.5.7.RELEASE, Spring v4.3.11.RELEASE
""2017-10-27 16:28:08 [restartedMain] INFO  i.f.c.b.BibliotecaApplication - No active profile set, falling back to default profiles: default
""2017-10-27 16:28:08 [restartedMain] WARN  o.s.b.c.e.AnnotationConfigEmbeddedWebApplicationContext - Exception encountered during context initialization - cancelling refresh attempt: org.springframework.beans.factory.BeanCreationException: Error creating bean with name 'mainController' defined in file [/home/pier/Scrivania/SOFTWARE/biblioteca/target/classes/it/f2informatica/couchbase/biblioteca/controller/MainController.class]: Instantiation of bean failed; nested exception is org.springframework.beans.BeanInstantiationException: Failed to instantiate [it.f2informatica.couchbase.biblioteca.controller.MainController]: Constructor threw exception; nested exception is java.lang.Error: Unresolved compilation problems: 
	LibriService cannot be resolved
	Syntax error, insert "Finally" to complete BlockStatements
	Syntax error, insert "}" to complete ClassBody

""2017-10-27 16:28:08 [restartedMain] ERROR o.s.boot.SpringApplication - Application startup failed
"org.springframework.beans.factory.BeanCreationException: Error creating bean with name 'mainController' defined in file [/home/pier/Scrivania/SOFTWARE/biblioteca/target/classes/it/f2informatica/couchbase/biblioteca/controller/MainController.class]: Instantiation of bean failed; nested exception is org.springframework.beans.BeanInstantiationException: Failed to instantiate [it.f2informatica.couchbase.biblioteca.controller.MainController]: Constructor threw exception; nested exception is java.lang.Error: Unresolved compilation problems: 
	LibriService cannot be resolved
	Syntax error, insert "Finally" to complete BlockStatements
	Syntax error, insert "}" to complete ClassBody

	at org.springframework.beans.factory.support.AbstractAutowireCapableBeanFactory.instantiateBean(AbstractAutowireCapableBeanFactory.java:1155) ~[spring-beans-4.3.11.RELEASE.jar:4.3.11.RELEASE]
	at org.springframework.beans.factory.support.AbstractAutowireCapableBeanFactory.createBeanInstance(AbstractAutowireCapableBeanFactory.java:1099) ~[spring-beans-4.3.11.RELEASE.jar:4.3.11.RELEASE]
	at org.springframework.beans.factory.support.AbstractAutowireCapableBeanFactory.doCreateBean(AbstractAutowireCapableBeanFactory.java:513) ~[spring-beans-4.3.11.RELEASE.jar:4.3.11.RELEASE]
	at org.springframework.beans.factory.support.AbstractAutowireCapableBeanFactory.createBean(AbstractAutowireCapableBeanFactory.java:483) ~[spring-beans-4.3.11.RELEASE.jar:4.3.11.RELEASE]
	at org.springframework.beans.factory.support.AbstractBeanFactory$1.getObject(AbstractBeanFactory.java:306) ~[spring-beans-4.3.11.RELEASE.jar:4.3.11.RELEASE]
	at org.springframework.beans.factory.support.DefaultSingletonBeanRegistry.getSingleton(DefaultSingletonBeanRegistry.java:230) ~[spring-beans-4.3.11.RELEASE.jar:4.3.11.RELEASE]
	at org.springframework.beans.factory.support.AbstractBeanFactory.doGetBean(AbstractBeanFactory.java:302) ~[spring-beans-4.3.11.RELEASE.jar:4.3.11.RELEASE]
	at org.springframework.beans.factory.support.AbstractBeanFactory.getBean(AbstractBeanFactory.java:197) ~[spring-beans-4.3.11.RELEASE.jar:4.3.11.RELEASE]
	at org.springframework.beans.factory.support.DefaultListableBeanFactory.preInstantiateSingletons(DefaultListableBeanFactory.java:761) ~[spring-beans-4.3.11.RELEASE.jar:4.3.11.RELEASE]
	at org.springframework.context.support.AbstractApplicationContext.finishBeanFactoryInitialization(AbstractApplicationContext.java:867) ~[spring-context-4.3.11.RELEASE.jar:4.3.11.RELEASE]
	at org.springframework.context.support.AbstractApplicationContext.refresh(AbstractApplicationContext.java:543) ~[spring-context-4.3.11.RELEASE.jar:4.3.11.RELEASE]
	at org.springframework.boot.context.embedded.EmbeddedWebApplicationContext.refresh(EmbeddedWebApplicationContext.java:122) ~[spring-boot-1.5.7.RELEASE.jar:1.5.7.RELEASE]
	at org.springframework.boot.SpringApplication.refresh(SpringApplication.java:693) [spring-boot-1.5.7.RELEASE.jar:1.5.7.RELEASE]
	at org.springframework.boot.SpringApplication.refreshContext(SpringApplication.java:360) [spring-boot-1.5.7.RELEASE.jar:1.5.7.RELEASE]
	at org.springframework.boot.SpringApplication.run(SpringApplication.java:303) [spring-boot-1.5.7.RELEASE.jar:1.5.7.RELEASE]
	at org.springframework.boot.SpringApplication.run(SpringApplication.java:1118) [spring-boot-1.5.7.RELEASE.jar:1.5.7.RELEASE]
	at org.springframework.boot.SpringApplication.run(SpringApplication.java:1107) [spring-boot-1.5.7.RELEASE.jar:1.5.7.RELEASE]
	at it.f2informatica.couchbase.biblioteca.BibliotecaApplication.main(BibliotecaApplication.java:10) [classes/:na]
	at sun.reflect.NativeMethodAccessorImpl.invoke0(Native Method) ~[na:1.8.0_131]
	at sun.reflect.NativeMethodAccessorImpl.invoke(NativeMethodAccessorImpl.java:62) ~[na:1.8.0_131]
	at sun.reflect.DelegatingMethodAccessorImpl.invoke(DelegatingMethodAccessorImpl.java:43) ~[na:1.8.0_131]
	at java.lang.reflect.Method.invoke(Method.java:498) ~[na:1.8.0_131]
	at org.springframework.boot.devtools.restart.RestartLauncher.run(RestartLauncher.java:49) [spring-boot-devtools-1.5.7.RELEASE.jar:1.5.7.RELEASE]
Caused by: org.springframework.beans.BeanInstantiationException: Failed to instantiate [it.f2informatica.couchbase.biblioteca.controller.MainController]: Constructor threw exception; nested exception is java.lang.Error: Unresolved compilation problems: 
	LibriService cannot be resolved
	Syntax error, insert "Finally" to complete BlockStatements
	Syntax error, insert "}" to complete ClassBody

	at org.springframework.beans.BeanUtils.instantiateClass(BeanUtils.java:154) ~[spring-beans-4.3.11.RELEASE.jar:4.3.11.RELEASE]
	at org.springframework.beans.factory.support.SimpleInstantiationStrategy.instantiate(SimpleInstantiationStrategy.java:89) ~[spring-beans-4.3.11.RELEASE.jar:4.3.11.RELEASE]
	at org.springframework.beans.factory.support.AbstractAutowireCapableBeanFactory.instantiateBean(AbstractAutowireCapableBeanFactory.java:1147) ~[spring-beans-4.3.11.RELEASE.jar:4.3.11.RELEASE]
	... 22 common frames omitted
Caused by: java.lang.Error: Unresolved compilation problems: 
	LibriService cannot be resolved
	Syntax error, insert "Finally" to complete BlockStatements
	Syntax error, insert "}" to complete ClassBody

	at it.f2informatica.couchbase.biblioteca.controller.MainController.<init>(MainController.java:34) ~[classes/:na]
	at sun.reflect.NativeConstructorAccessorImpl.newInstance0(Native Method) ~[na:1.8.0_131]
	at sun.reflect.NativeConstructorAccessorImpl.newInstance(NativeConstructorAccessorImpl.java:62) ~[na:1.8.0_131]
	at sun.reflect.DelegatingConstructorAccessorImpl.newInstance(DelegatingConstructorAccessorImpl.java:45) ~[na:1.8.0_131]
	at java.lang.reflect.Constructor.newInstance(Constructor.java:423) ~[na:1.8.0_131]
	at org.springframework.beans.BeanUtils.instantiateClass(BeanUtils.java:142) ~[spring-beans-4.3.11.RELEASE.jar:4.3.11.RELEASE]
	... 24 common frames omitted
"2017-10-27 16:56:33 [main] INFO  i.f.c.b.BibliotecaApplicationTests - Starting BibliotecaApplicationTests on miglioli-K56CB with PID 25413 (started by pier in /home/pier/Scrivania/SOFTWARE/biblioteca)
""2017-10-27 16:56:33 [main] DEBUG i.f.c.b.BibliotecaApplicationTests - Running with Spring Boot v1.5.7.RELEASE, Spring v4.3.11.RELEASE
""2017-10-27 16:56:33 [main] INFO  i.f.c.b.BibliotecaApplicationTests - No active profile set, falling back to default profiles: default
""2017-10-27 16:56:36 [main] INFO  i.f.c.b.BibliotecaApplicationTests - Started BibliotecaApplicationTests in 3.262 seconds (JVM running for 4.063)
""2017-10-27 16:56:38 [restartedMain] INFO  i.f.c.b.BibliotecaApplication - Starting BibliotecaApplication on miglioli-K56CB with PID 25436 (/home/pier/Scrivania/SOFTWARE/biblioteca/target/classes started by pier in /home/pier/Scrivania/SOFTWARE/biblioteca)
""2017-10-27 16:56:38 [restartedMain] DEBUG i.f.c.b.BibliotecaApplication - Running with Spring Boot v1.5.7.RELEASE, Spring v4.3.11.RELEASE
""2017-10-27 16:56:38 [restartedMain] INFO  i.f.c.b.BibliotecaApplication - No active profile set, falling back to default profiles: default
""2017-10-27 16:56:42 [restartedMain] INFO  i.f.c.b.BibliotecaApplication - Started BibliotecaApplication in 4.142 seconds (JVM running for 4.603)
""2017-10-27 17:02:21 [restartedMain] INFO  i.f.c.b.BibliotecaApplication - Starting BibliotecaApplication on miglioli-K56CB with PID 25436 (/home/pier/Scrivania/SOFTWARE/biblioteca/target/classes started by pier in /home/pier/Scrivania/SOFTWARE/biblioteca)
""2017-10-27 17:02:21 [restartedMain] DEBUG i.f.c.b.BibliotecaApplication - Running with Spring Boot v1.5.7.RELEASE, Spring v4.3.11.RELEASE
""2017-10-27 17:02:21 [restartedMain] INFO  i.f.c.b.BibliotecaApplication - No active profile set, falling back to default profiles: default
""2017-10-27 17:02:22 [restartedMain] INFO  i.f.c.b.BibliotecaApplication - Started BibliotecaApplication in 0.982 seconds (JVM running for 344.644)
""2017-10-27 17:02:31 [http-nio-9000-exec-2] DEBUG i.f.c.b.service.LibriService - Inserisco nel bucket il documento {"titolo":"Il signore degli Anelli","autore":"Ronald Reulen Tolkien","isbn":"978-8845269707","anno":"2011","editore":"Bompiani","genere":"Fantasy","prezzo":"19.0","pagine":"1253"}
""2017-10-27 17:02:31 [http-nio-9000-exec-2] DEBUG i.f.c.biblioteca.database.DBManager - Configurazione: host localhost, bucket test, user corsojava, password corsojava
""2017-10-27 17:02:31 [http-nio-9000-exec-2] DEBUG i.f.c.biblioteca.database.DBManager - Creo un riferimento al cluster
""2017-10-27 17:02:31 [http-nio-9000-exec-2] DEBUG i.f.c.biblioteca.database.DBManager - Apro il bucket test
""2017-10-27 17:02:32 [http-nio-9000-exec-2] DEBUG i.f.c.b.service.LibriService - Documento inserito
""2017-10-27 17:05:14 [restartedMain] INFO  i.f.c.b.BibliotecaApplication - Starting BibliotecaApplication on miglioli-K56CB with PID 25436 (/home/pier/Scrivania/SOFTWARE/biblioteca/target/classes started by pier in /home/pier/Scrivania/SOFTWARE/biblioteca)
""2017-10-27 17:05:14 [restartedMain] DEBUG i.f.c.b.BibliotecaApplication - Running with Spring Boot v1.5.7.RELEASE, Spring v4.3.11.RELEASE
""2017-10-27 17:05:14 [restartedMain] INFO  i.f.c.b.BibliotecaApplication - No active profile set, falling back to default profiles: default
""2017-10-27 17:05:14 [restartedMain] INFO  i.f.c.b.BibliotecaApplication - Started BibliotecaApplication in 0.629 seconds (JVM running for 516.873)
""2017-10-27 17:07:30 [restartedMain] INFO  i.f.c.b.BibliotecaApplication - Starting BibliotecaApplication on miglioli-K56CB with PID 25436 (/home/pier/Scrivania/SOFTWARE/biblioteca/target/classes started by pier in /home/pier/Scrivania/SOFTWARE/biblioteca)
""2017-10-27 17:07:30 [restartedMain] DEBUG i.f.c.b.BibliotecaApplication - Running with Spring Boot v1.5.7.RELEASE, Spring v4.3.11.RELEASE
""2017-10-27 17:07:30 [restartedMain] INFO  i.f.c.b.BibliotecaApplication - No active profile set, falling back to default profiles: default
""2017-10-27 17:07:31 [restartedMain] INFO  i.f.c.b.BibliotecaApplication - Started BibliotecaApplication in 0.907 seconds (JVM running for 653.407)
"